  [1m[35m (60.9ms)[0m  [1m[35mCREATE DATABASE "blog_development" ENCODING = 'unicode'[0m
  [1m[35m (20.3ms)[0m  [1m[35mCREATE DATABASE "blog_test" ENCODING = 'unicode'[0m
  [1m[35m (8.2ms)[0m  [1m[35mCREATE TABLE "schema_migrations" ("version" character varying NOT NULL PRIMARY KEY)[0m
  [1m[35m (3.5ms)[0m  [1m[35mCREATE TABLE "ar_internal_metadata" ("key" character varying NOT NULL PRIMARY KEY, "value" character varying, "created_at" timestamp(6) NOT NULL, "updated_at" timestamp(6) NOT NULL)[0m
  [1m[35m (0.0ms)[0m  [1m[34mSELECT pg_try_advisory_lock(892336952976185220)[0m
  [1m[36mActiveRecord::SchemaMigration Load (0.4ms)[0m  [1m[34mSELECT "schema_migrations"."version" FROM "schema_migrations" ORDER BY "schema_migrations"."version" ASC[0m
  [1m[36mActiveRecord::InternalMetadata Load (0.3ms)[0m  [1m[34mSELECT * FROM "ar_internal_metadata" WHERE "ar_internal_metadata"."key" = $1 ORDER BY "ar_internal_metadata"."key" ASC LIMIT 1[0m  [[nil, "environment"]]
  [1m[36mActiveRecord::InternalMetadata Create (0.7ms)[0m  [1m[32mINSERT INTO "ar_internal_metadata" ("key", "value", "created_at", "updated_at") VALUES ('environment', 'development', '2024-04-25 08:28:29.621116', '2024-04-25 08:28:29.621119') RETURNING "key"[0m
  [1m[35m (0.1ms)[0m  [1m[34mSELECT pg_advisory_unlock(892336952976185220)[0m
  [1m[36mActiveRecord::SchemaMigration Load (0.0ms)[0m  [1m[34mSELECT "schema_migrations"."version" FROM "schema_migrations" ORDER BY "schema_migrations"."version" ASC[0m
  [1m[35m (0.5ms)[0m  [1m[35mCREATE DATABASE "blog_development" ENCODING = 'unicode'[0m
  [1m[35m (0.5ms)[0m  [1m[35mCREATE DATABASE "blog_test" ENCODING = 'unicode'[0m
  [1m[36mActiveRecord::SchemaMigration Load (0.7ms)[0m  [1m[34mSELECT "schema_migrations"."version" FROM "schema_migrations" ORDER BY "schema_migrations"."version" ASC[0m
  [1m[36mActiveRecord::InternalMetadata Load (0.6ms)[0m  [1m[34mSELECT * FROM "ar_internal_metadata" WHERE "ar_internal_metadata"."key" = $1 ORDER BY "ar_internal_metadata"."key" ASC LIMIT 1[0m  [[nil, "environment"]]
  [1m[36mActiveRecord::SchemaMigration Load (0.3ms)[0m  [1m[34mSELECT "schema_migrations"."version" FROM "schema_migrations" ORDER BY "schema_migrations"."version" ASC[0m
  [1m[36mActiveRecord::InternalMetadata Load (0.2ms)[0m  [1m[34mSELECT * FROM "ar_internal_metadata" WHERE "ar_internal_metadata"."key" = $1 ORDER BY "ar_internal_metadata"."key" ASC LIMIT 1[0m  [[nil, "environment"]]
  [1m[36mActiveRecord::SchemaMigration Load (0.2ms)[0m  [1m[34mSELECT "schema_migrations"."version" FROM "schema_migrations" ORDER BY "schema_migrations"."version" ASC[0m
  [1m[36mActiveRecord::InternalMetadata Load (0.2ms)[0m  [1m[34mSELECT * FROM "ar_internal_metadata" WHERE "ar_internal_metadata"."key" = $1 ORDER BY "ar_internal_metadata"."key" ASC LIMIT 1[0m  [[nil, "environment"]]
  [1m[35mSQL (0.3ms)[0m  [1m[35mCREATE EXTENSION IF NOT EXISTS "plpgsql"[0m
  [1m[35m (2.7ms)[0m  [1m[35mDROP TABLE IF EXISTS "articles" CASCADE[0m
  [1m[35m (14.0ms)[0m  [1m[35mCREATE TABLE "articles" ("id" bigserial primary key, "title" character varying, "body" text, "created_at" timestamp(6) NOT NULL, "updated_at" timestamp(6) NOT NULL)[0m
  [1m[36mActiveRecord::SchemaMigration Load (0.7ms)[0m  [1m[34mSELECT "schema_migrations"."version" FROM "schema_migrations" ORDER BY "schema_migrations"."version" ASC[0m
  [1m[36mActiveRecord::InternalMetadata Load (0.9ms)[0m  [1m[34mSELECT * FROM "ar_internal_metadata" WHERE "ar_internal_metadata"."key" = $1 ORDER BY "ar_internal_metadata"."key" ASC LIMIT 1[0m  [[nil, "environment"]]
  [1m[36mActiveRecord::InternalMetadata Load (0.6ms)[0m  [1m[34mSELECT * FROM "ar_internal_metadata" WHERE "ar_internal_metadata"."key" = $1 ORDER BY "ar_internal_metadata"."key" ASC LIMIT 1[0m  [[nil, "environment"]]
  [1m[36mActiveRecord::InternalMetadata Load (0.6ms)[0m  [1m[34mSELECT * FROM "ar_internal_metadata" WHERE "ar_internal_metadata"."key" = $1 ORDER BY "ar_internal_metadata"."key" ASC LIMIT 1[0m  [[nil, "schema_sha1"]]
  [1m[36mActiveRecord::InternalMetadata Update (1.4ms)[0m  [1m[33mUPDATE "ar_internal_metadata" SET "value" = '8911cc96da143081346f18c77fda177eb2aedeb8', "updated_at" = '2024-04-26 08:34:19.831755' WHERE "ar_internal_metadata"."key" = 'schema_sha1'[0m
  [1m[35mSQL (0.4ms)[0m  [1m[35mCREATE EXTENSION IF NOT EXISTS "plpgsql"[0m
  [1m[35m (0.1ms)[0m  [1m[35mDROP TABLE IF EXISTS "articles" CASCADE[0m
  [1m[35m (8.0ms)[0m  [1m[35mCREATE TABLE "articles" ("id" bigserial primary key, "title" character varying, "body" text, "created_at" timestamp(6) NOT NULL, "updated_at" timestamp(6) NOT NULL)[0m
  [1m[36mActiveRecord::SchemaMigration Load (0.4ms)[0m  [1m[34mSELECT "schema_migrations"."version" FROM "schema_migrations" ORDER BY "schema_migrations"."version" ASC[0m
  [1m[35m (1.0ms)[0m  [1m[32mINSERT INTO "schema_migrations" (version) VALUES (20240426031748)[0m
  [1m[36mActiveRecord::InternalMetadata Load (0.5ms)[0m  [1m[34mSELECT * FROM "ar_internal_metadata" WHERE "ar_internal_metadata"."key" = $1 ORDER BY "ar_internal_metadata"."key" ASC LIMIT 1[0m  [[nil, "environment"]]
  [1m[36mActiveRecord::InternalMetadata Update (1.0ms)[0m  [1m[33mUPDATE "ar_internal_metadata" SET "value" = 'development', "updated_at" = '2024-04-26 08:34:19.887559' WHERE "ar_internal_metadata"."key" = 'environment'[0m
  [1m[36mActiveRecord::InternalMetadata Load (0.2ms)[0m  [1m[34mSELECT * FROM "ar_internal_metadata" WHERE "ar_internal_metadata"."key" = $1 ORDER BY "ar_internal_metadata"."key" ASC LIMIT 1[0m  [[nil, "environment"]]
  [1m[36mActiveRecord::InternalMetadata Update (0.9ms)[0m  [1m[33mUPDATE "ar_internal_metadata" SET "value" = 'test', "updated_at" = '2024-04-26 08:34:19.890202' WHERE "ar_internal_metadata"."key" = 'environment'[0m
  [1m[36mActiveRecord::InternalMetadata Load (0.2ms)[0m  [1m[34mSELECT * FROM "ar_internal_metadata" WHERE "ar_internal_metadata"."key" = $1 ORDER BY "ar_internal_metadata"."key" ASC LIMIT 1[0m  [[nil, "schema_sha1"]]
  [1m[36mActiveRecord::InternalMetadata Update (1.0ms)[0m  [1m[33mUPDATE "ar_internal_metadata" SET "value" = '8911cc96da143081346f18c77fda177eb2aedeb8', "updated_at" = '2024-04-26 08:34:19.892799' WHERE "ar_internal_metadata"."key" = 'schema_sha1'[0m
  [1m[36mActiveRecord::SchemaMigration Load (0.4ms)[0m  [1m[34mSELECT "schema_migrations"."version" FROM "schema_migrations" ORDER BY "schema_migrations"."version" ASC[0m
Started GET "/" for 127.0.0.1 at 2024-04-26 15:34:35 +0700
  [1m[36mActiveRecord::SchemaMigration Load (0.5ms)[0m  [1m[34mSELECT "schema_migrations"."version" FROM "schema_migrations" ORDER BY "schema_migrations"."version" ASC[0m
Processing by ArticlesController#index as HTML
  Rendering layout layouts/application.html.erb
  Rendering articles/index.html.erb within layouts/application
  [1m[36mArticle Load (0.5ms)[0m  [1m[34mSELECT "articles".* FROM "articles"[0m
  â†³ app/views/articles/index.html.erb:4
  Rendered articles/index.html.erb within layouts/application (Duration: 18.6ms | Allocations: 3806)
  Rendered layout layouts/application.html.erb (Duration: 271.3ms | Allocations: 103561)
Completed 200 OK in 341ms (Views: 272.6ms | ActiveRecord: 5.3ms | Allocations: 119830)


  [1m[36mTRANSACTION (0.2ms)[0m  [1m[35mBEGIN[0m
  [1m[36mArticle Create (1.0ms)[0m  [1m[32mINSERT INTO "articles" ("title", "body", "created_at", "updated_at") VALUES ($1, $2, $3, $4) RETURNING "id"[0m  [["title", "Hello Rails"], ["body", "I am on Rails!"], ["created_at", "2024-04-26 08:37:22.510759"], ["updated_at", "2024-04-26 08:37:22.510759"]]
  [1m[36mTRANSACTION (1.0ms)[0m  [1m[35mCOMMIT[0m
  [1m[36mArticle Load (0.2ms)[0m  [1m[34mSELECT "articles".* FROM "articles" WHERE "articles"."id" = $1 LIMIT $2[0m  [["id", 1], ["LIMIT", 1]]
  [1m[36mArticle Load (0.7ms)[0m  [1m[34mSELECT "articles".* FROM "articles" /* loading for pp */ LIMIT $1[0m  [["LIMIT", 11]]
  [1m[35m (0.6ms)[0m  [1m[35mCREATE DATABASE "blog_development" ENCODING = 'unicode'[0m
  [1m[35m (0.6ms)[0m  [1m[35mCREATE DATABASE "blog_test" ENCODING = 'unicode'[0m
  [1m[36mActiveRecord::SchemaMigration Load (0.7ms)[0m  [1m[34mSELECT "schema_migrations"."version" FROM "schema_migrations" ORDER BY "schema_migrations"."version" ASC[0m
  [1m[36mActiveRecord::InternalMetadata Load (0.6ms)[0m  [1m[34mSELECT * FROM "ar_internal_metadata" WHERE "ar_internal_metadata"."key" = $1 ORDER BY "ar_internal_metadata"."key" ASC LIMIT 1[0m  [[nil, "environment"]]
  [1m[36mActiveRecord::SchemaMigration Load (0.2ms)[0m  [1m[34mSELECT "schema_migrations"."version" FROM "schema_migrations" ORDER BY "schema_migrations"."version" ASC[0m
  [1m[36mActiveRecord::InternalMetadata Load (0.3ms)[0m  [1m[34mSELECT * FROM "ar_internal_metadata" WHERE "ar_internal_metadata"."key" = $1 ORDER BY "ar_internal_metadata"."key" ASC LIMIT 1[0m  [[nil, "environment"]]
  [1m[36mActiveRecord::SchemaMigration Load (0.7ms)[0m  [1m[34mSELECT "schema_migrations"."version" FROM "schema_migrations" ORDER BY "schema_migrations"."version" ASC[0m
  [1m[36mActiveRecord::InternalMetadata Load (0.4ms)[0m  [1m[34mSELECT * FROM "ar_internal_metadata" WHERE "ar_internal_metadata"."key" = $1 ORDER BY "ar_internal_metadata"."key" ASC LIMIT 1[0m  [[nil, "environment"]]
  [1m[35mSQL (0.4ms)[0m  [1m[35mCREATE EXTENSION IF NOT EXISTS "plpgsql"[0m
  [1m[35m (2.7ms)[0m  [1m[35mDROP TABLE IF EXISTS "articles" CASCADE[0m
  [1m[35m (11.7ms)[0m  [1m[35mCREATE TABLE "articles" ("id" bigserial primary key, "title" character varying, "body" text, "created_at" timestamp(6) NOT NULL, "updated_at" timestamp(6) NOT NULL)[0m
  [1m[36mActiveRecord::SchemaMigration Load (0.9ms)[0m  [1m[34mSELECT "schema_migrations"."version" FROM "schema_migrations" ORDER BY "schema_migrations"."version" ASC[0m
  [1m[36mActiveRecord::InternalMetadata Load (0.9ms)[0m  [1m[34mSELECT * FROM "ar_internal_metadata" WHERE "ar_internal_metadata"."key" = $1 ORDER BY "ar_internal_metadata"."key" ASC LIMIT 1[0m  [[nil, "environment"]]
  [1m[36mActiveRecord::InternalMetadata Load (0.6ms)[0m  [1m[34mSELECT * FROM "ar_internal_metadata" WHERE "ar_internal_metadata"."key" = $1 ORDER BY "ar_internal_metadata"."key" ASC LIMIT 1[0m  [[nil, "environment"]]
  [1m[36mActiveRecord::InternalMetadata Load (0.6ms)[0m  [1m[34mSELECT * FROM "ar_internal_metadata" WHERE "ar_internal_metadata"."key" = $1 ORDER BY "ar_internal_metadata"."key" ASC LIMIT 1[0m  [[nil, "schema_sha1"]]
  [1m[35mSQL (0.4ms)[0m  [1m[35mCREATE EXTENSION IF NOT EXISTS "plpgsql"[0m
  [1m[35m (2.4ms)[0m  [1m[35mDROP TABLE IF EXISTS "articles" CASCADE[0m
  [1m[35m (7.6ms)[0m  [1m[35mCREATE TABLE "articles" ("id" bigserial primary key, "title" character varying, "body" text, "created_at" timestamp(6) NOT NULL, "updated_at" timestamp(6) NOT NULL)[0m
  [1m[36mActiveRecord::SchemaMigration Load (0.4ms)[0m  [1m[34mSELECT "schema_migrations"."version" FROM "schema_migrations" ORDER BY "schema_migrations"."version" ASC[0m
  [1m[36mActiveRecord::InternalMetadata Load (0.5ms)[0m  [1m[34mSELECT * FROM "ar_internal_metadata" WHERE "ar_internal_metadata"."key" = $1 ORDER BY "ar_internal_metadata"."key" ASC LIMIT 1[0m  [[nil, "environment"]]
  [1m[36mActiveRecord::InternalMetadata Update (1.2ms)[0m  [1m[33mUPDATE "ar_internal_metadata" SET "value" = 'development', "updated_at" = '2024-04-26 08:40:46.133073' WHERE "ar_internal_metadata"."key" = 'environment'[0m
  [1m[36mActiveRecord::InternalMetadata Load (0.2ms)[0m  [1m[34mSELECT * FROM "ar_internal_metadata" WHERE "ar_internal_metadata"."key" = $1 ORDER BY "ar_internal_metadata"."key" ASC LIMIT 1[0m  [[nil, "environment"]]
  [1m[36mActiveRecord::InternalMetadata Update (1.1ms)[0m  [1m[33mUPDATE "ar_internal_metadata" SET "value" = 'test', "updated_at" = '2024-04-26 08:40:46.136764' WHERE "ar_internal_metadata"."key" = 'environment'[0m
  [1m[36mActiveRecord::InternalMetadata Load (0.2ms)[0m  [1m[34mSELECT * FROM "ar_internal_metadata" WHERE "ar_internal_metadata"."key" = $1 ORDER BY "ar_internal_metadata"."key" ASC LIMIT 1[0m  [[nil, "schema_sha1"]]
  [1m[36mActiveRecord::SchemaMigration Load (0.5ms)[0m  [1m[34mSELECT "schema_migrations"."version" FROM "schema_migrations" ORDER BY "schema_migrations"."version" ASC[0m
  [1m[36mTRANSACTION (0.7ms)[0m  [1m[35mBEGIN[0m
  [1m[36mArticle Create (4.6ms)[0m  [1m[32mINSERT INTO "articles" ("title", "body", "created_at", "updated_at") VALUES ($1, $2, $3, $4) RETURNING "id"[0m  [["title", "Hello Rails"], ["body", "I am on Rails!"], ["created_at", "2024-04-26 08:41:27.352899"], ["updated_at", "2024-04-26 08:41:27.352899"]]
  [1m[36mTRANSACTION (1.6ms)[0m  [1m[35mCOMMIT[0m
  [1m[36mArticle Load (0.5ms)[0m  [1m[34mSELECT "articles".* FROM "articles" /* loading for pp */ LIMIT $1[0m  [["LIMIT", 11]]
Started GET "/" for 127.0.0.1 at 2024-04-26 15:42:32 +0700
Processing by ArticlesController#index as HTML
  Rendering layout layouts/application.html.erb
  Rendering articles/index.html.erb within layouts/application
  [1m[36mArticle Load (31.1ms)[0m  [1m[34mSELECT "articles".* FROM "articles"[0m
  â†³ app/views/articles/index.html.erb:4
  Rendered articles/index.html.erb within layouts/application (Duration: 69.7ms | Allocations: 23704)
  Rendered layout layouts/application.html.erb (Duration: 80.0ms | Allocations: 27491)
Completed 200 OK in 81ms (Views: 38.3ms | ActiveRecord: 42.2ms | Allocations: 27755)


Started GET "/" for 127.0.0.1 at 2024-04-26 16:15:49 +0700
Processing by ArticlesController#index as HTML
  Rendering layout layouts/application.html.erb
  Rendering articles/index.html.erb within layouts/application
  [1m[36mArticle Load (14.3ms)[0m  [1m[34mSELECT "articles".* FROM "articles"[0m
  â†³ app/views/articles/index.html.erb:4
  Rendered articles/index.html.erb within layouts/application (Duration: 18.0ms | Allocations: 5943)
  Rendered layout layouts/application.html.erb (Duration: 26.9ms | Allocations: 20987)
Completed 200 OK in 31ms (Views: 11.0ms | ActiveRecord: 17.8ms | Allocations: 22829)


Started GET "/articles/1" for 127.0.0.1 at 2024-04-26 16:15:50 +0700
Processing by ArticlesController#show as HTML
  Parameters: {"id"=>"1"}
  [1m[36mArticle Load (0.9ms)[0m  [1m[34mSELECT "articles".* FROM "articles" WHERE "articles"."id" = $1 LIMIT $2[0m  [["id", 1], ["LIMIT", 1]]
  â†³ app/controllers/articles_controller.rb:6:in `show'
  Rendering layout layouts/application.html.erb
  Rendering articles/show.html.erb within layouts/application
  Rendered articles/show.html.erb within layouts/application (Duration: 0.9ms | Allocations: 80)
  Rendered layout layouts/application.html.erb (Duration: 6.0ms | Allocations: 1390)
Completed 200 OK in 18ms (Views: 7.1ms | ActiveRecord: 1.3ms | Allocations: 3987)


Started GET "/articles/new" for 127.0.0.1 at 2024-04-26 16:17:31 +0700
Processing by ArticlesController#new as HTML
  Rendering layout layouts/application.html.erb
  Rendering articles/new.html.erb within layouts/application
  Rendered articles/new.html.erb within layouts/application (Duration: 33.0ms | Allocations: 14043)
  Rendered layout layouts/application.html.erb (Duration: 33.2ms | Allocations: 14134)
Completed 500 Internal Server Error in 34ms (ActiveRecord: 0.0ms | Allocations: 14504)


  
ActionView::Template::Error (undefined method `full_message_for' for an instance of ActiveModel::Errors):
    4:     <div>
    5:         <%= form.label :title %> <br>
    6:         <%= form.text_field :title %>
    7:         <% @article.errors.full_message_for(:title).each do |message| %>
    8:             <div><%= message %></div>
    9:         <% end %>
   10:     </div>
  
app/views/articles/new.html.erb:7
app/views/articles/new.html.erb:3
Started GET "/articles/new" for 127.0.0.1 at 2024-04-26 16:17:51 +0700
Processing by ArticlesController#new as HTML
  Rendering layout layouts/application.html.erb
  Rendering articles/new.html.erb within layouts/application
  Rendered articles/new.html.erb within layouts/application (Duration: 3.4ms | Allocations: 1581)
  Rendered layout layouts/application.html.erb (Duration: 15.8ms | Allocations: 16384)
Completed 200 OK in 24ms (Views: 17.1ms | ActiveRecord: 3.4ms | Allocations: 20526)


Started POST "/articles" for 127.0.0.1 at 2024-04-26 16:18:19 +0700
Processing by ArticlesController#create as TURBO_STREAM
  Parameters: {"authenticity_token"=>"[FILTERED]", "article"=>{"title"=>"123", "body"=>""}, "commit"=>"Create Article"}
  Rendering layout layouts/application.html.erb
  Rendering articles/new.html.erb within layouts/application
  Rendered articles/new.html.erb within layouts/application (Duration: 1.8ms | Allocations: 1438)
  Rendered layout layouts/application.html.erb (Duration: 3.5ms | Allocations: 2519)
Completed 422 Unprocessable Entity in 5ms (Views: 3.9ms | ActiveRecord: 0.0ms | Allocations: 3921)


Started POST "/articles" for 127.0.0.1 at 2024-04-26 16:18:26 +0700
Processing by ArticlesController#create as TURBO_STREAM
  Parameters: {"authenticity_token"=>"[FILTERED]", "article"=>{"title"=>"123", "body"=>"...123234345123"}, "commit"=>"Create Article"}
  Rendering layout layouts/application.html.erb
  Rendering articles/new.html.erb within layouts/application
  Rendered articles/new.html.erb within layouts/application (Duration: 1.6ms | Allocations: 1322)
  Rendered layout layouts/application.html.erb (Duration: 3.3ms | Allocations: 2400)
Completed 422 Unprocessable Entity in 5ms (Views: 4.1ms | ActiveRecord: 0.0ms | Allocations: 3465)


Started POST "/articles" for 127.0.0.1 at 2024-04-26 16:18:35 +0700
Processing by ArticlesController#create as TURBO_STREAM
  Parameters: {"authenticity_token"=>"[FILTERED]", "article"=>{"title"=>"", "body"=>"Ãdfzcvsbsdfbsdbsdfb"}, "commit"=>"Create Article"}
  Rendering layout layouts/application.html.erb
  Rendering articles/new.html.erb within layouts/application
  Rendered articles/new.html.erb within layouts/application (Duration: 6.3ms | Allocations: 1322)
  Rendered layout layouts/application.html.erb (Duration: 11.0ms | Allocations: 2400)
Completed 422 Unprocessable Entity in 16ms (Views: 12.1ms | ActiveRecord: 0.0ms | Allocations: 3468)


Started POST "/articles" for 127.0.0.1 at 2024-04-26 16:19:00 +0700
Processing by ArticlesController#create as TURBO_STREAM
  Parameters: {"authenticity_token"=>"[FILTERED]", "article"=>{"title"=>"1231qadfgag", "body"=>"alsdbjgjkxvjrbjxnsejkfvxv"}, "commit"=>"Create Article"}
  Rendering layout layouts/application.html.erb
  Rendering articles/new.html.erb within layouts/application
  Rendered articles/new.html.erb within layouts/application (Duration: 4.8ms | Allocations: 1322)
  Rendered layout layouts/application.html.erb (Duration: 9.2ms | Allocations: 2401)
Completed 422 Unprocessable Entity in 14ms (Views: 10.3ms | ActiveRecord: 0.0ms | Allocations: 3460)


Started GET "/articles/new" for 127.0.0.1 at 2024-04-26 16:19:41 +0700
Processing by ArticlesController#new as HTML
  Rendering layout layouts/application.html.erb
  Rendering articles/new.html.erb within layouts/application
  Rendered articles/new.html.erb within layouts/application (Duration: 1.5ms | Allocations: 1237)
  Rendered layout layouts/application.html.erb (Duration: 13.4ms | Allocations: 16016)
Completed 200 OK in 23ms (Views: 15.5ms | ActiveRecord: 2.1ms | Allocations: 20123)


Started POST "/articles" for 127.0.0.1 at 2024-04-26 16:19:45 +0700
Processing by ArticlesController#create as TURBO_STREAM
  Parameters: {"authenticity_token"=>"[FILTERED]", "article"=>{"title"=>"123", "body"=>"asl;dgnvl.xcnbknerlgv"}, "commit"=>"Create Article"}
  Rendering layout layouts/application.html.erb
  Rendering articles/new.html.erb within layouts/application
  Rendered articles/new.html.erb within layouts/application (Duration: 6.4ms | Allocations: 1330)
  Rendered layout layouts/application.html.erb (Duration: 11.6ms | Allocations: 2408)
Completed 422 Unprocessable Entity in 18ms (Views: 13.6ms | ActiveRecord: 0.0ms | Allocations: 3636)


Started POST "/articles" for 127.0.0.1 at 2024-04-26 16:20:33 +0700
Processing by ArticlesController#create as TURBO_STREAM
  Parameters: {"authenticity_token"=>"[FILTERED]", "article"=>{"title"=>"123123123", "body"=>"123123123123123"}, "commit"=>"Create Article"}
  Rendering layout layouts/application.html.erb
  Rendering articles/new.html.erb within layouts/application
  Rendered articles/new.html.erb within layouts/application (Duration: 1.8ms | Allocations: 1748)
  Rendered layout layouts/application.html.erb (Duration: 10.1ms | Allocations: 16522)
Completed 422 Unprocessable Entity in 19ms (Views: 11.5ms | ActiveRecord: 1.9ms | Allocations: 21569)


Started POST "/articles" for 127.0.0.1 at 2024-04-26 16:22:04 +0700
Processing by ArticlesController#create as TURBO_STREAM
  Parameters: {"authenticity_token"=>"[FILTERED]", "article"=>{"title"=>"", "body"=>""}, "commit"=>"Create Article"}
  Rendering layout layouts/application.html.erb
  Rendering articles/new.html.erb within layouts/application
  Rendered articles/new.html.erb within layouts/application (Duration: 2.4ms | Allocations: 1746)
  Rendered layout layouts/application.html.erb (Duration: 10.7ms | Allocations: 16521)
Completed 422 Unprocessable Entity in 19ms (Views: 12.2ms | ActiveRecord: 1.8ms | Allocations: 21571)


Started GET "/articles/new" for 127.0.0.1 at 2024-04-26 16:23:08 +0700
Processing by ArticlesController#new as HTML
  Rendering layout layouts/application.html.erb
  Rendering articles/new.html.erb within layouts/application
  Rendered articles/new.html.erb within layouts/application (Duration: 2.0ms | Allocations: 1256)
  Rendered layout layouts/application.html.erb (Duration: 10.9ms | Allocations: 16056)
Completed 200 OK in 21ms (Views: 12.0ms | ActiveRecord: 1.9ms | Allocations: 20146)


Started POST "/articles" for 127.0.0.1 at 2024-04-26 16:23:10 +0700
Processing by ArticlesController#create as TURBO_STREAM
  Parameters: {"authenticity_token"=>"[FILTERED]", "article"=>{"title"=>"123", "body"=>"asl;dgnvl.xcnbknerlgv"}, "commit"=>"Create Article"}
  [1m[36mTRANSACTION (0.5ms)[0m  [1m[35mBEGIN[0m
  â†³ app/controllers/articles_controller.rb:15:in `create'
  [1m[36mArticle Create (3.1ms)[0m  [1m[32mINSERT INTO "articles" ("title", "body", "created_at", "updated_at") VALUES ($1, $2, $3, $4) RETURNING "id"[0m  [["title", "123"], ["body", "asl;dgnvl.xcnbknerlgv"], ["created_at", "2024-04-26 09:23:10.325175"], ["updated_at", "2024-04-26 09:23:10.325175"]]
  â†³ app/controllers/articles_controller.rb:15:in `create'
  [1m[36mTRANSACTION (1.2ms)[0m  [1m[35mCOMMIT[0m
  â†³ app/controllers/articles_controller.rb:15:in `create'
Redirected to http://127.0.0.1:3000/articles/2
Completed 302 Found in 13ms (ActiveRecord: 4.7ms | Allocations: 3363)


Started GET "/articles/2" for 127.0.0.1 at 2024-04-26 16:23:10 +0700
Processing by ArticlesController#show as TURBO_STREAM
  Parameters: {"id"=>"2"}
  [1m[36mArticle Load (0.3ms)[0m  [1m[34mSELECT "articles".* FROM "articles" WHERE "articles"."id" = $1 LIMIT $2[0m  [["id", 2], ["LIMIT", 1]]
  â†³ app/controllers/articles_controller.rb:6:in `show'
  Rendering layout layouts/application.html.erb
  Rendering articles/show.html.erb within layouts/application
  Rendered articles/show.html.erb within layouts/application (Duration: 0.3ms | Allocations: 79)
  Rendered layout layouts/application.html.erb (Duration: 1.9ms | Allocations: 1391)
Completed 200 OK in 5ms (Views: 2.3ms | ActiveRecord: 0.3ms | Allocations: 2828)


Started GET "/articles/new" for 127.0.0.1 at 2024-04-26 16:23:12 +0700
Processing by ArticlesController#new as HTML
  Rendering layout layouts/application.html.erb
  Rendering articles/new.html.erb within layouts/application
  Rendered articles/new.html.erb within layouts/application (Duration: 1.7ms | Allocations: 803)
  Rendered layout layouts/application.html.erb (Duration: 4.2ms | Allocations: 1885)
Completed 200 OK in 5ms (Views: 4.9ms | ActiveRecord: 0.0ms | Allocations: 2147)


Started POST "/articles" for 127.0.0.1 at 2024-04-26 16:23:47 +0700
Processing by ArticlesController#create as TURBO_STREAM
  Parameters: {"authenticity_token"=>"[FILTERED]", "article"=>{"title"=>"123123123", "body"=>"123123123123"}, "commit"=>"Create Article"}
Completed 500 Internal Server Error in 6ms (ActiveRecord: 1.8ms | Allocations: 4088)


  
NoMethodError (undefined method `params' for an instance of Article):
  
app/controllers/articles_controller.rb:15:in `create'
Started GET "/articles/new" for 127.0.0.1 at 2024-04-26 16:24:06 +0700
Processing by ArticlesController#new as HTML
  Rendering layout layouts/application.html.erb
  Rendering articles/new.html.erb within layouts/application
  Rendered articles/new.html.erb within layouts/application (Duration: 1.7ms | Allocations: 1244)
  Rendered layout layouts/application.html.erb (Duration: 18.1ms | Allocations: 16022)
Completed 200 OK in 32ms (Views: 19.4ms | ActiveRecord: 4.7ms | Allocations: 20128)


Started POST "/articles" for 127.0.0.1 at 2024-04-26 16:24:07 +0700
Processing by ArticlesController#create as TURBO_STREAM
  Parameters: {"authenticity_token"=>"[FILTERED]", "article"=>{"title"=>"123", "body"=>"asl;dgnvl.xcnbknerlgv"}, "commit"=>"Create Article"}
  [1m[36mTRANSACTION (0.6ms)[0m  [1m[35mBEGIN[0m
  â†³ app/controllers/articles_controller.rb:16:in `create'
  [1m[36mArticle Create (10.8ms)[0m  [1m[32mINSERT INTO "articles" ("title", "body", "created_at", "updated_at") VALUES ($1, $2, $3, $4) RETURNING "id"[0m  [["title", "123"], ["body", "asl;dgnvl.xcnbknerlgv"], ["created_at", "2024-04-26 09:24:07.120141"], ["updated_at", "2024-04-26 09:24:07.120141"]]
  â†³ app/controllers/articles_controller.rb:16:in `create'
  [1m[36mTRANSACTION (1.8ms)[0m  [1m[35mCOMMIT[0m
  â†³ app/controllers/articles_controller.rb:16:in `create'
Redirected to http://127.0.0.1:3000/articles/3
Completed 302 Found in 34ms (ActiveRecord: 13.1ms | Allocations: 2305)


Started GET "/articles/3" for 127.0.0.1 at 2024-04-26 16:24:07 +0700
Processing by ArticlesController#show as TURBO_STREAM
  Parameters: {"id"=>"3"}
  [1m[36mArticle Load (0.4ms)[0m  [1m[34mSELECT "articles".* FROM "articles" WHERE "articles"."id" = $1 LIMIT $2[0m  [["id", 3], ["LIMIT", 1]]
  â†³ app/controllers/articles_controller.rb:6:in `show'
  Rendering layout layouts/application.html.erb
  Rendering articles/show.html.erb within layouts/application
  Rendered articles/show.html.erb within layouts/application (Duration: 1.4ms | Allocations: 79)
  Rendered layout layouts/application.html.erb (Duration: 6.5ms | Allocations: 1392)
Completed 200 OK in 15ms (Views: 7.2ms | ActiveRecord: 0.4ms | Allocations: 2832)


Started GET "/articles/new" for 127.0.0.1 at 2024-04-26 16:25:48 +0700
Processing by ArticlesController#new as HTML
  Rendering layout layouts/application.html.erb
  Rendering articles/new.html.erb within layouts/application
  Rendered articles/new.html.erb within layouts/application (Duration: 3.9ms | Allocations: 818)
  Rendered layout layouts/application.html.erb (Duration: 8.3ms | Allocations: 1900)
Completed 200 OK in 12ms (Views: 11.6ms | ActiveRecord: 0.0ms | Allocations: 2162)


Started GET "/" for 127.0.0.1 at 2024-04-26 16:25:50 +0700
Processing by ArticlesController#index as HTML
  Rendering layout layouts/application.html.erb
  Rendering articles/index.html.erb within layouts/application
  [1m[36mArticle Load (0.8ms)[0m  [1m[34mSELECT "articles".* FROM "articles"[0m
  â†³ app/views/articles/index.html.erb:4
  Rendered articles/index.html.erb within layouts/application (Duration: 7.7ms | Allocations: 764)
  Rendered layout layouts/application.html.erb (Duration: 15.5ms | Allocations: 2092)
Completed 200 OK in 19ms (Views: 17.0ms | ActiveRecord: 0.8ms | Allocations: 2414)


Started GET "/articles/new" for 127.0.0.1 at 2024-04-26 16:25:52 +0700
Processing by ArticlesController#new as HTML
  Rendering layout layouts/application.html.erb
  Rendering articles/new.html.erb within layouts/application
  Rendered articles/new.html.erb within layouts/application (Duration: 10.1ms | Allocations: 812)
  Rendered layout layouts/application.html.erb (Duration: 14.4ms | Allocations: 1908)
Completed 200 OK in 17ms (Views: 16.4ms | ActiveRecord: 0.0ms | Allocations: 2171)


Started GET "/articles/3" for 127.0.0.1 at 2024-04-26 16:25:52 +0700
Processing by ArticlesController#show as HTML
  Parameters: {"id"=>"3"}
  [1m[36mArticle Load (0.6ms)[0m  [1m[34mSELECT "articles".* FROM "articles" WHERE "articles"."id" = $1 LIMIT $2[0m  [["id", 3], ["LIMIT", 1]]
  â†³ app/controllers/articles_controller.rb:6:in `show'
  Rendering layout layouts/application.html.erb
  Rendering articles/show.html.erb within layouts/application
  Rendered articles/show.html.erb within layouts/application (Duration: 0.1ms | Allocations: 6)
  Rendered layout layouts/application.html.erb (Duration: 7.4ms | Allocations: 1335)
Completed 200 OK in 13ms (Views: 8.7ms | ActiveRecord: 0.6ms | Allocations: 1998)


Started GET "/articles/2" for 127.0.0.1 at 2024-04-26 16:25:52 +0700
Processing by ArticlesController#show as HTML
  Parameters: {"id"=>"2"}
  [1m[36mArticle Load (0.8ms)[0m  [1m[34mSELECT "articles".* FROM "articles" WHERE "articles"."id" = $1 LIMIT $2[0m  [["id", 2], ["LIMIT", 1]]
  â†³ app/controllers/articles_controller.rb:6:in `show'
  Rendering layout layouts/application.html.erb
  Rendering articles/show.html.erb within layouts/application
  Rendered articles/show.html.erb within layouts/application (Duration: 0.1ms | Allocations: 6)
  Rendered layout layouts/application.html.erb (Duration: 8.2ms | Allocations: 1317)
Completed 200 OK in 14ms (Views: 9.8ms | ActiveRecord: 0.7ms | Allocations: 1979)


Started GET "/articles/new" for 127.0.0.1 at 2024-04-26 16:25:53 +0700
Processing by ArticlesController#new as HTML
  Rendering layout layouts/application.html.erb
  Rendering articles/new.html.erb within layouts/application
  Rendered articles/new.html.erb within layouts/application (Duration: 2.0ms | Allocations: 800)
  Rendered layout layouts/application.html.erb (Duration: 4.4ms | Allocations: 1895)
Completed 200 OK in 6ms (Views: 5.0ms | ActiveRecord: 0.0ms | Allocations: 2157)


Started GET "/" for 127.0.0.1 at 2024-04-26 16:39:02 +0700
Processing by ArticlesController#index as HTML
  Rendering layout layouts/application.html.erb
  Rendering articles/index.html.erb within layouts/application
  [1m[36mArticle Load (14.5ms)[0m  [1m[34mSELECT "articles".* FROM "articles"[0m
  â†³ app/views/articles/index.html.erb:4
  Rendered articles/index.html.erb within layouts/application (Duration: 20.7ms | Allocations: 5962)
  Rendered layout layouts/application.html.erb (Duration: 34.1ms | Allocations: 21003)
Completed 200 OK in 37ms (Views: 16.6ms | ActiveRecord: 18.5ms | Allocations: 22787)


Started GET "/articles/2" for 127.0.0.1 at 2024-04-26 16:39:03 +0700
Processing by ArticlesController#show as HTML
  Parameters: {"id"=>"2"}
  [1m[36mArticle Load (0.6ms)[0m  [1m[34mSELECT "articles".* FROM "articles" WHERE "articles"."id" = $1 LIMIT $2[0m  [["id", 2], ["LIMIT", 1]]
  â†³ app/controllers/articles_controller.rb:6:in `show'
  Rendering layout layouts/application.html.erb
  Rendering articles/show.html.erb within layouts/application
  Rendered articles/show.html.erb within layouts/application (Duration: 1.3ms | Allocations: 190)
  Rendered layout layouts/application.html.erb (Duration: 4.9ms | Allocations: 1513)
Completed 200 OK in 14ms (Views: 6.6ms | ActiveRecord: 1.0ms | Allocations: 2867)


Started GET "/articles/2/edit" for 127.0.0.1 at 2024-04-26 16:39:05 +0700
Processing by ArticlesController#edit as HTML
  Parameters: {"id"=>"2"}
  [1m[36mArticle Load (0.7ms)[0m  [1m[34mSELECT "articles".* FROM "articles" WHERE "articles"."id" = $1 LIMIT $2[0m  [["id", 2], ["LIMIT", 1]]
  â†³ app/controllers/articles_controller.rb:23:in `edit'
  Rendering layout layouts/application.html.erb
  Rendering articles/edit.html.erb within layouts/application
  Rendered articles/_form.html.erb (Duration: 4.0ms | Allocations: 1673)
  Rendered articles/edit.html.erb within layouts/application (Duration: 6.2ms | Allocations: 1914)
  Rendered layout layouts/application.html.erb (Duration: 6.6ms | Allocations: 2005)
Completed 500 Internal Server Error in 13ms (ActiveRecord: 0.7ms | Allocations: 2722)


  
ActionView::Template::Error (undefined local variable or method `formf' for an instance of #<Class:0x00007fb99eef2c70>):
    1: <% form_with model: article do |form| %>
    2:     <div>
    3:         <%= form.label :title %><br>
    4:         <%= formf.text_field :title%>
    5:         <%article.errors.full_messages_for(:title).each do |message| %>
    6:             <div> <%= message %></div>
    7:         <% end %>
  
app/views/articles/_form.html.erb:4
app/views/articles/_form.html.erb:1
app/views/articles/edit.html.erb:3
Started GET "/articles/2/edit" for 127.0.0.1 at 2024-04-26 16:39:28 +0700
Processing by ArticlesController#edit as HTML
  Parameters: {"id"=>"2"}
  [1m[36mArticle Load (0.9ms)[0m  [1m[34mSELECT "articles".* FROM "articles" WHERE "articles"."id" = $1 LIMIT $2[0m  [["id", 2], ["LIMIT", 1]]
  â†³ app/controllers/articles_controller.rb:23:in `edit'
  Rendering layout layouts/application.html.erb
  Rendering articles/edit.html.erb within layouts/application
  Rendered articles/_form.html.erb (Duration: 3.8ms | Allocations: 1282)
  Rendered articles/edit.html.erb within layouts/application (Duration: 4.5ms | Allocations: 1522)
  Rendered layout layouts/application.html.erb (Duration: 33.2ms | Allocations: 16297)
Completed 200 OK in 55ms (Views: 35.2ms | ActiveRecord: 5.0ms | Allocations: 21493)


Started GET "/articles/2/edit" for 127.0.0.1 at 2024-04-26 16:39:29 +0700
Processing by ArticlesController#edit as HTML
  Parameters: {"id"=>"2"}
  [1m[36mArticle Load (0.4ms)[0m  [1m[34mSELECT "articles".* FROM "articles" WHERE "articles"."id" = $1 LIMIT $2[0m  [["id", 2], ["LIMIT", 1]]
  â†³ app/controllers/articles_controller.rb:23:in `edit'
  Rendering layout layouts/application.html.erb
  Rendering articles/edit.html.erb within layouts/application
  Rendered articles/_form.html.erb (Duration: 3.1ms | Allocations: 832)
  Rendered articles/edit.html.erb within layouts/application (Duration: 3.4ms | Allocations: 895)
  Rendered layout layouts/application.html.erb (Duration: 5.4ms | Allocations: 1976)
Completed 200 OK in 12ms (Views: 6.3ms | ActiveRecord: 0.4ms | Allocations: 2637)


Started GET "/articles/2" for 127.0.0.1 at 2024-04-26 16:39:31 +0700
Processing by ArticlesController#show as HTML
  Parameters: {"id"=>"2"}
  [1m[36mArticle Load (0.6ms)[0m  [1m[34mSELECT "articles".* FROM "articles" WHERE "articles"."id" = $1 LIMIT $2[0m  [["id", 2], ["LIMIT", 1]]
  â†³ app/controllers/articles_controller.rb:6:in `show'
  Rendering layout layouts/application.html.erb
  Rendering articles/show.html.erb within layouts/application
  Rendered articles/show.html.erb within layouts/application (Duration: 1.5ms | Allocations: 194)
  Rendered layout layouts/application.html.erb (Duration: 5.6ms | Allocations: 1521)
Completed 200 OK in 13ms (Views: 7.0ms | ActiveRecord: 0.5ms | Allocations: 2252)


Started GET "/articles/2/edit" for 127.0.0.1 at 2024-04-26 16:39:48 +0700
Processing by ArticlesController#edit as HTML
  Parameters: {"id"=>"2"}
  [1m[36mArticle Load (0.8ms)[0m  [1m[34mSELECT "articles".* FROM "articles" WHERE "articles"."id" = $1 LIMIT $2[0m  [["id", 2], ["LIMIT", 1]]
  â†³ app/controllers/articles_controller.rb:23:in `edit'
  Rendering layout layouts/application.html.erb
  Rendering articles/edit.html.erb within layouts/application
  Rendered articles/_form.html.erb (Duration: 3.7ms | Allocations: 847)
  Rendered articles/edit.html.erb within layouts/application (Duration: 4.2ms | Allocations: 910)
  Rendered layout layouts/application.html.erb (Duration: 8.5ms | Allocations: 1988)
Completed 200 OK in 14ms (Views: 9.8ms | ActiveRecord: 0.8ms | Allocations: 2650)


Started GET "/" for 127.0.0.1 at 2024-04-26 16:39:49 +0700
Processing by ArticlesController#index as HTML
  Rendering layout layouts/application.html.erb
  Rendering articles/index.html.erb within layouts/application
  [1m[36mArticle Load (0.3ms)[0m  [1m[34mSELECT "articles".* FROM "articles"[0m
  â†³ app/views/articles/index.html.erb:4
  Rendered articles/index.html.erb within layouts/application (Duration: 1.9ms | Allocations: 754)
  Rendered layout layouts/application.html.erb (Duration: 3.8ms | Allocations: 2079)
Completed 200 OK in 5ms (Views: 3.8ms | ActiveRecord: 0.3ms | Allocations: 2403)


Started GET "/articles/3" for 127.0.0.1 at 2024-04-26 16:39:50 +0700
Processing by ArticlesController#show as HTML
  Parameters: {"id"=>"3"}
  [1m[36mArticle Load (0.6ms)[0m  [1m[34mSELECT "articles".* FROM "articles" WHERE "articles"."id" = $1 LIMIT $2[0m  [["id", 3], ["LIMIT", 1]]
  â†³ app/controllers/articles_controller.rb:6:in `show'
  Rendering layout layouts/application.html.erb
  Rendering articles/show.html.erb within layouts/application
  Rendered articles/show.html.erb within layouts/application (Duration: 0.4ms | Allocations: 48)
  Rendered layout layouts/application.html.erb (Duration: 6.2ms | Allocations: 1372)
Completed 200 OK in 12ms (Views: 7.6ms | ActiveRecord: 0.6ms | Allocations: 2034)


Started GET "/articles/3/edit" for 127.0.0.1 at 2024-04-26 16:39:51 +0700
Processing by ArticlesController#edit as HTML
  Parameters: {"id"=>"3"}
  [1m[36mArticle Load (0.7ms)[0m  [1m[34mSELECT "articles".* FROM "articles" WHERE "articles"."id" = $1 LIMIT $2[0m  [["id", 3], ["LIMIT", 1]]
  â†³ app/controllers/articles_controller.rb:23:in `edit'
  Rendering layout layouts/application.html.erb
  Rendering articles/edit.html.erb within layouts/application
  Rendered articles/_form.html.erb (Duration: 3.7ms | Allocations: 829)
  Rendered articles/edit.html.erb within layouts/application (Duration: 4.3ms | Allocations: 892)
  Rendered layout layouts/application.html.erb (Duration: 9.2ms | Allocations: 1970)
Completed 200 OK in 16ms (Views: 10.4ms | ActiveRecord: 0.6ms | Allocations: 2632)


Started GET "/articles/new" for 127.0.0.1 at 2024-04-26 16:40:20 +0700
Processing by ArticlesController#new as HTML
  Rendering layout layouts/application.html.erb
  Rendering articles/new.html.erb within layouts/application
  Rendered articles/_form.html.erb (Duration: 3.3ms | Allocations: 810)
  Rendered articles/new.html.erb within layouts/application (Duration: 4.8ms | Allocations: 977)
  Rendered layout layouts/application.html.erb (Duration: 9.1ms | Allocations: 2059)
Completed 200 OK in 12ms (Views: 10.2ms | ActiveRecord: 0.0ms | Allocations: 2397)


Started GET "/articles/new" for 127.0.0.1 at 2024-04-26 16:40:46 +0700
Processing by ArticlesController#new as HTML
  Rendering layout layouts/application.html.erb
  Rendering articles/new.html.erb within layouts/application
  Rendered articles/_form.html.erb (Duration: 1.4ms | Allocations: 1227)
  Rendered articles/new.html.erb within layouts/application (Duration: 1.9ms | Allocations: 1471)
  Rendered layout layouts/application.html.erb (Duration: 11.0ms | Allocations: 16250)
Completed 200 OK in 19ms (Views: 12.7ms | ActiveRecord: 1.9ms | Allocations: 20357)


Started GET "/" for 127.0.0.1 at 2024-04-26 16:40:47 +0700
Processing by ArticlesController#index as HTML
  Rendering layout layouts/application.html.erb
  Rendering articles/index.html.erb within layouts/application
  [1m[36mArticle Load (0.7ms)[0m  [1m[34mSELECT "articles".* FROM "articles"[0m
  â†³ app/views/articles/index.html.erb:4
  Rendered articles/index.html.erb within layouts/application (Duration: 3.8ms | Allocations: 803)
  Rendered layout layouts/application.html.erb (Duration: 6.8ms | Allocations: 2101)
Completed 200 OK in 9ms (Views: 7.0ms | ActiveRecord: 0.7ms | Allocations: 2464)


Started GET "/articles/2" for 127.0.0.1 at 2024-04-26 16:47:50 +0700
  
SyntaxError (/home/nampnt/Documents/ruby-on-rails-training/app/controllers/articles_controller.rb:38: syntax error, unexpected local variable or method, expecting `end' or dummy end
...o root_path, status: :see other
...                          ^~~~~
):
  
app/controllers/articles_controller.rb:38: syntax error, unexpected local variable or method, expecting `end' or dummy end
Started GET "/articles/2" for 127.0.0.1 at 2024-04-26 16:48:48 +0700
Processing by ArticlesController#show as HTML
  Parameters: {"id"=>"2"}
  [1m[36mArticle Load (0.5ms)[0m  [1m[34mSELECT "articles".* FROM "articles" WHERE "articles"."id" = $1 LIMIT $2[0m  [["id", 2], ["LIMIT", 1]]
  â†³ app/controllers/articles_controller.rb:6:in `show'
  Rendering layout layouts/application.html.erb
  Rendering articles/show.html.erb within layouts/application
  Rendered articles/show.html.erb within layouts/application (Duration: 0.7ms | Allocations: 294)
  Rendered layout layouts/application.html.erb (Duration: 11.6ms | Allocations: 15317)
Completed 200 OK in 37ms (Views: 12.9ms | ActiveRecord: 5.2ms | Allocations: 23229)


Started GET "/articles/2/edit" for 127.0.0.1 at 2024-04-26 16:48:49 +0700
Processing by ArticlesController#edit as HTML
  Parameters: {"id"=>"2"}
  [1m[36mArticle Load (0.8ms)[0m  [1m[34mSELECT "articles".* FROM "articles" WHERE "articles"."id" = $1 LIMIT $2[0m  [["id", 2], ["LIMIT", 1]]
  â†³ app/controllers/articles_controller.rb:23:in `edit'
  Rendering layout layouts/application.html.erb
  Rendering articles/edit.html.erb within layouts/application
  Rendered articles/_form.html.erb (Duration: 6.7ms | Allocations: 1197)
  Rendered articles/edit.html.erb within layouts/application (Duration: 8.9ms | Allocations: 1433)
  Rendered layout layouts/application.html.erb (Duration: 12.9ms | Allocations: 2511)
Completed 200 OK in 19ms (Views: 14.0ms | ActiveRecord: 0.7ms | Allocations: 3240)


Started DELETE "/articles/2?_method=delete" for 127.0.0.1 at 2024-04-26 16:48:53 +0700
Processing by ArticlesController#destroy as TURBO_STREAM
  Parameters: {"id"=>"2"}
  [1m[36mArticle Load (0.7ms)[0m  [1m[34mSELECT "articles".* FROM "articles" WHERE "articles"."id" = $1 LIMIT $2[0m  [["id", 2], ["LIMIT", 1]]
  â†³ app/controllers/articles_controller.rb:36:in `destroy'
  [1m[36mTRANSACTION (0.3ms)[0m  [1m[35mBEGIN[0m
  â†³ app/controllers/articles_controller.rb:37:in `destroy'
  [1m[36mArticle Destroy (2.0ms)[0m  [1m[31mDELETE FROM "articles" WHERE "articles"."id" = $1[0m  [["id", 2]]
  â†³ app/controllers/articles_controller.rb:37:in `destroy'
  [1m[36mTRANSACTION (1.2ms)[0m  [1m[35mCOMMIT[0m
  â†³ app/controllers/articles_controller.rb:37:in `destroy'
Redirected to http://127.0.0.1:3000/
Completed 303 See Other in 12ms (ActiveRecord: 4.1ms | Allocations: 2170)


Started GET "/" for 127.0.0.1 at 2024-04-26 16:48:53 +0700
Processing by ArticlesController#index as TURBO_STREAM
  Rendering layout layouts/application.html.erb
  Rendering articles/index.html.erb within layouts/application
  [1m[36mArticle Load (0.4ms)[0m  [1m[34mSELECT "articles".* FROM "articles"[0m
  â†³ app/views/articles/index.html.erb:4
  Rendered articles/index.html.erb within layouts/application (Duration: 2.0ms | Allocations: 720)
  Rendered layout layouts/application.html.erb (Duration: 3.5ms | Allocations: 2053)
Completed 200 OK in 5ms (Views: 3.6ms | ActiveRecord: 0.4ms | Allocations: 2425)


Started GET "/articles/1" for 127.0.0.1 at 2024-04-26 16:48:55 +0700
Processing by ArticlesController#show as HTML
  Parameters: {"id"=>"1"}
  [1m[36mArticle Load (0.8ms)[0m  [1m[34mSELECT "articles".* FROM "articles" WHERE "articles"."id" = $1 LIMIT $2[0m  [["id", 1], ["LIMIT", 1]]
  â†³ app/controllers/articles_controller.rb:6:in `show'
  Rendering layout layouts/application.html.erb
  Rendering articles/show.html.erb within layouts/application
  Rendered articles/show.html.erb within layouts/application (Duration: 0.6ms | Allocations: 82)
  Rendered layout layouts/application.html.erb (Duration: 6.9ms | Allocations: 1413)
Completed 200 OK in 16ms (Views: 8.4ms | ActiveRecord: 0.8ms | Allocations: 2075)


Started GET "/articles/3" for 127.0.0.1 at 2024-04-26 16:48:55 +0700
Processing by ArticlesController#show as HTML
  Parameters: {"id"=>"3"}
  [1m[36mArticle Load (0.7ms)[0m  [1m[34mSELECT "articles".* FROM "articles" WHERE "articles"."id" = $1 LIMIT $2[0m  [["id", 3], ["LIMIT", 1]]
  â†³ app/controllers/articles_controller.rb:6:in `show'
  Rendering layout layouts/application.html.erb
  Rendering articles/show.html.erb within layouts/application
  Rendered articles/show.html.erb within layouts/application (Duration: 0.6ms | Allocations: 83)
  Rendered layout layouts/application.html.erb (Duration: 9.0ms | Allocations: 1390)
Completed 200 OK in 15ms (Views: 10.2ms | ActiveRecord: 0.7ms | Allocations: 2052)


